[17:29:14:325] [INFO] - com.abiao.data.action.update.StockIndicatorAutoUpdateAction.main(StockIndicatorAutoUpdateAction.java:68) - listedCompany:ListedCompany(stockCode=000971, stockName=ST高升, industry=通信服务, inMarketDate=2000-04-27, outMarketDate=, updateTime=1663490225230)
[17:29:14:880] [ERROR] - com.abiao.data.collect.StockIndicatorCollect.collect(StockIndicatorCollect.java:35) - get stock indicator info fail, stock_code:000971, akEx:org.apache.hc.client5.http.HttpResponseException: status code: 500, reason phrase: Internal Server Error
[17:29:14:953] [INFO] - us.codecraft.webmagic.Spider.run(Spider.java:306) - Spider stock.xueqiu.com started!
[17:29:15:209] [INFO] - us.codecraft.webmagic.downloader.HttpClientDownloader.download(HttpClientDownloader.java:88) - downloading page success https://stock.xueqiu.com/v5/stock/chart/kline.json?symbol=SZ000971&begin=1666430954888&period=day&type=before&count=-30&indicator=kline,pe,pb,ps,pcf,market_capital,agt,ggt,balance
[17:29:16:278] [INFO] - us.codecraft.webmagic.Spider.run(Spider.java:338) - Spider stock.xueqiu.com closed! 1 pages downloaded.
[17:29:16:351] [INFO] - com.abiao.data.action.update.StockIndicatorAutoUpdateAction.diff(StockIndicatorAutoUpdateAction.java:47) - diff count:10
[17:29:16:386] [INFO] - com.abiao.data.action.update.StockIndicatorAutoUpdateAction.main(StockIndicatorAutoUpdateAction.java:68) - listedCompany:ListedCompany(stockCode=000970, stockName=中科三环, industry=小金属, inMarketDate=2000-04-20, outMarketDate=, updateTime=1663490224916)
[17:29:16:388] [INFO] - org.apache.hc.client5.http.impl.classic.HttpRequestRetryExec.execute(HttpRequestRetryExec.java:113) - Recoverable I/O exception (org.apache.hc.core5.http.NoHttpResponseException) caught when processing request to {}->http://127.0.0.1:8080
[17:29:16:507] [ERROR] - com.abiao.data.collect.StockIndicatorCollect.collect(StockIndicatorCollect.java:35) - get stock indicator info fail, stock_code:000970, akEx:org.apache.hc.client5.http.HttpResponseException: status code: 500, reason phrase: Internal Server Error
[17:29:16:507] [INFO] - us.codecraft.webmagic.Spider.run(Spider.java:306) - Spider stock.xueqiu.com started!
[17:29:16:629] [INFO] - us.codecraft.webmagic.downloader.HttpClientDownloader.download(HttpClientDownloader.java:88) - downloading page success https://stock.xueqiu.com/v5/stock/chart/kline.json?symbol=SZ000970&begin=1666430956507&period=day&type=before&count=-30&indicator=kline,pe,pb,ps,pcf,market_capital,agt,ggt,balance
[17:29:17:639] [INFO] - us.codecraft.webmagic.Spider.run(Spider.java:338) - Spider stock.xueqiu.com closed! 1 pages downloaded.
[17:29:17:695] [INFO] - com.abiao.data.action.update.StockIndicatorAutoUpdateAction.diff(StockIndicatorAutoUpdateAction.java:47) - diff count:10
[17:29:17:696] [INFO] - com.abiao.data.action.update.StockIndicatorAutoUpdateAction.main(StockIndicatorAutoUpdateAction.java:68) - listedCompany:ListedCompany(stockCode=000975, stockName=银泰黄金, industry=贵金属, inMarketDate=2000-06-08, outMarketDate=, updateTime=1663490226226)
[17:29:17:697] [INFO] - org.apache.hc.client5.http.impl.classic.HttpRequestRetryExec.execute(HttpRequestRetryExec.java:113) - Recoverable I/O exception (org.apache.hc.core5.http.NoHttpResponseException) caught when processing request to {}->http://127.0.0.1:8080
[17:29:17:809] [ERROR] - com.abiao.data.collect.StockIndicatorCollect.collect(StockIndicatorCollect.java:35) - get stock indicator info fail, stock_code:000975, akEx:org.apache.hc.client5.http.HttpResponseException: status code: 500, reason phrase: Internal Server Error
[17:29:17:810] [INFO] - us.codecraft.webmagic.Spider.run(Spider.java:306) - Spider stock.xueqiu.com started!
[17:29:17:920] [INFO] - us.codecraft.webmagic.downloader.HttpClientDownloader.download(HttpClientDownloader.java:88) - downloading page success https://stock.xueqiu.com/v5/stock/chart/kline.json?symbol=SZ000975&begin=1666430957810&period=day&type=before&count=-30&indicator=kline,pe,pb,ps,pcf,market_capital,agt,ggt,balance
[17:29:18:927] [INFO] - us.codecraft.webmagic.Spider.run(Spider.java:338) - Spider stock.xueqiu.com closed! 1 pages downloaded.
[17:29:18:963] [INFO] - com.abiao.data.action.update.StockIndicatorAutoUpdateAction.diff(StockIndicatorAutoUpdateAction.java:47) - diff count:10
[17:29:18:964] [INFO] - com.abiao.data.action.update.StockIndicatorAutoUpdateAction.main(StockIndicatorAutoUpdateAction.java:68) - listedCompany:ListedCompany(stockCode=000973, stockName=佛塑科技, industry=塑料制品, inMarketDate=2000-05-25, outMarketDate=, updateTime=1663490225889)
[17:29:18:965] [INFO] - org.apache.hc.client5.http.impl.classic.HttpRequestRetryExec.execute(HttpRequestRetryExec.java:113) - Recoverable I/O exception (org.apache.hc.core5.http.NoHttpResponseException) caught when processing request to {}->http://127.0.0.1:8080
[17:29:19:084] [ERROR] - com.abiao.data.collect.StockIndicatorCollect.collect(StockIndicatorCollect.java:35) - get stock indicator info fail, stock_code:000973, akEx:org.apache.hc.client5.http.HttpResponseException: status code: 500, reason phrase: Internal Server Error
[17:29:19:085] [INFO] - us.codecraft.webmagic.Spider.run(Spider.java:306) - Spider stock.xueqiu.com started!
[17:29:19:166] [INFO] - us.codecraft.webmagic.downloader.HttpClientDownloader.download(HttpClientDownloader.java:88) - downloading page success https://stock.xueqiu.com/v5/stock/chart/kline.json?symbol=SZ000973&begin=1666430959085&period=day&type=before&count=-30&indicator=kline,pe,pb,ps,pcf,market_capital,agt,ggt,balance
[17:29:20:172] [INFO] - us.codecraft.webmagic.Spider.run(Spider.java:338) - Spider stock.xueqiu.com closed! 1 pages downloaded.
[17:29:20:216] [INFO] - com.abiao.data.action.update.StockIndicatorAutoUpdateAction.diff(StockIndicatorAutoUpdateAction.java:47) - diff count:10
[17:29:20:217] [INFO] - com.abiao.data.action.update.StockIndicatorAutoUpdateAction.main(StockIndicatorAutoUpdateAction.java:68) - listedCompany:ListedCompany(stockCode=000972, stockName=ST中基, industry=食品饮料, inMarketDate=2000-09-26, outMarketDate=, updateTime=1663490225548)
[17:29:20:218] [INFO] - org.apache.hc.client5.http.impl.classic.HttpRequestRetryExec.execute(HttpRequestRetryExec.java:113) - Recoverable I/O exception (org.apache.hc.core5.http.NoHttpResponseException) caught when processing request to {}->http://127.0.0.1:8080
[17:29:20:359] [ERROR] - com.abiao.data.collect.StockIndicatorCollect.collect(StockIndicatorCollect.java:35) - get stock indicator info fail, stock_code:000972, akEx:org.apache.hc.client5.http.HttpResponseException: status code: 500, reason phrase: Internal Server Error
[17:29:20:360] [INFO] - us.codecraft.webmagic.Spider.run(Spider.java:306) - Spider stock.xueqiu.com started!
[17:29:20:462] [INFO] - us.codecraft.webmagic.downloader.HttpClientDownloader.download(HttpClientDownloader.java:88) - downloading page success https://stock.xueqiu.com/v5/stock/chart/kline.json?symbol=SZ000972&begin=1666430960359&period=day&type=before&count=-30&indicator=kline,pe,pb,ps,pcf,market_capital,agt,ggt,balance
[17:29:21:464] [INFO] - us.codecraft.webmagic.Spider.run(Spider.java:338) - Spider stock.xueqiu.com closed! 1 pages downloaded.
[17:29:21:500] [INFO] - com.abiao.data.action.update.StockIndicatorAutoUpdateAction.diff(StockIndicatorAutoUpdateAction.java:47) - diff count:10
[17:29:21:500] [INFO] - com.abiao.data.action.update.StockIndicatorAutoUpdateAction.main(StockIndicatorAutoUpdateAction.java:68) - listedCompany:ListedCompany(stockCode=000978, stockName=桂林旅游, industry=旅游酒店, inMarketDate=2000-05-18, outMarketDate=, updateTime=1663490227203)
[17:29:21:501] [INFO] - org.apache.hc.client5.http.impl.classic.HttpRequestRetryExec.execute(HttpRequestRetryExec.java:113) - Recoverable I/O exception (org.apache.hc.core5.http.NoHttpResponseException) caught when processing request to {}->http://127.0.0.1:8080
[17:29:21:639] [ERROR] - com.abiao.data.collect.StockIndicatorCollect.collect(StockIndicatorCollect.java:35) - get stock indicator info fail, stock_code:000978, akEx:org.apache.hc.client5.http.HttpResponseException: status code: 500, reason phrase: Internal Server Error
[17:29:21:640] [INFO] - us.codecraft.webmagic.Spider.run(Spider.java:306) - Spider stock.xueqiu.com started!
[17:29:21:736] [INFO] - us.codecraft.webmagic.downloader.HttpClientDownloader.download(HttpClientDownloader.java:88) - downloading page success https://stock.xueqiu.com/v5/stock/chart/kline.json?symbol=SZ000978&begin=1666430961640&period=day&type=before&count=-30&indicator=kline,pe,pb,ps,pcf,market_capital,agt,ggt,balance
[17:29:22:742] [INFO] - us.codecraft.webmagic.Spider.run(Spider.java:338) - Spider stock.xueqiu.com closed! 1 pages downloaded.
[17:29:22:777] [INFO] - com.abiao.data.action.update.StockIndicatorAutoUpdateAction.diff(StockIndicatorAutoUpdateAction.java:47) - diff count:10
[17:29:22:778] [INFO] - com.abiao.data.action.update.StockIndicatorAutoUpdateAction.main(StockIndicatorAutoUpdateAction.java:68) - listedCompany:ListedCompany(stockCode=000977, stockName=浪潮信息, industry=计算机设备, inMarketDate=2000-06-08, outMarketDate=, updateTime=1663490226889)
[17:29:22:778] [INFO] - org.apache.hc.client5.http.impl.classic.HttpRequestRetryExec.execute(HttpRequestRetryExec.java:113) - Recoverable I/O exception (org.apache.hc.core5.http.NoHttpResponseException) caught when processing request to {}->http://127.0.0.1:8080
[17:29:22:905] [ERROR] - com.abiao.data.collect.StockIndicatorCollect.collect(StockIndicatorCollect.java:35) - get stock indicator info fail, stock_code:000977, akEx:org.apache.hc.client5.http.HttpResponseException: status code: 500, reason phrase: Internal Server Error
[17:29:22:906] [INFO] - us.codecraft.webmagic.Spider.run(Spider.java:306) - Spider stock.xueqiu.com started!
[17:29:23:005] [INFO] - us.codecraft.webmagic.downloader.HttpClientDownloader.download(HttpClientDownloader.java:88) - downloading page success https://stock.xueqiu.com/v5/stock/chart/kline.json?symbol=SZ000977&begin=1666430962906&period=day&type=before&count=-30&indicator=kline,pe,pb,ps,pcf,market_capital,agt,ggt,balance
[17:29:24:012] [INFO] - us.codecraft.webmagic.Spider.run(Spider.java:338) - Spider stock.xueqiu.com closed! 1 pages downloaded.
[17:29:24:050] [INFO] - com.abiao.data.action.update.StockIndicatorAutoUpdateAction.diff(StockIndicatorAutoUpdateAction.java:47) - diff count:10
[17:29:24:051] [INFO] - com.abiao.data.action.update.StockIndicatorAutoUpdateAction.main(StockIndicatorAutoUpdateAction.java:68) - listedCompany:ListedCompany(stockCode=000976, stockName=华铁股份, industry=交运设备, inMarketDate=2000-06-01, outMarketDate=, updateTime=1663490226567)
[17:29:24:051] [INFO] - org.apache.hc.client5.http.impl.classic.HttpRequestRetryExec.execute(HttpRequestRetryExec.java:113) - Recoverable I/O exception (org.apache.hc.core5.http.NoHttpResponseException) caught when processing request to {}->http://127.0.0.1:8080
[17:29:24:175] [ERROR] - com.abiao.data.collect.StockIndicatorCollect.collect(StockIndicatorCollect.java:35) - get stock indicator info fail, stock_code:000976, akEx:org.apache.hc.client5.http.HttpResponseException: status code: 500, reason phrase: Internal Server Error
[17:29:24:176] [INFO] - us.codecraft.webmagic.Spider.run(Spider.java:306) - Spider stock.xueqiu.com started!
[17:29:24:286] [INFO] - us.codecraft.webmagic.downloader.HttpClientDownloader.download(HttpClientDownloader.java:88) - downloading page success https://stock.xueqiu.com/v5/stock/chart/kline.json?symbol=SZ000976&begin=1666430964175&period=day&type=before&count=-30&indicator=kline,pe,pb,ps,pcf,market_capital,agt,ggt,balance
[17:29:25:289] [INFO] - us.codecraft.webmagic.Spider.run(Spider.java:338) - Spider stock.xueqiu.com closed! 1 pages downloaded.
[17:29:25:331] [INFO] - com.abiao.data.action.update.StockIndicatorAutoUpdateAction.diff(StockIndicatorAutoUpdateAction.java:47) - diff count:10
[17:29:25:332] [INFO] - com.abiao.data.action.update.StockIndicatorAutoUpdateAction.main(StockIndicatorAutoUpdateAction.java:68) - listedCompany:ListedCompany(stockCode=688728, stockName=格科微, industry=半导体, inMarketDate=2021-08-18, outMarketDate=, updateTime=1663491465679)
[17:29:25:333] [INFO] - org.apache.hc.client5.http.impl.classic.HttpRequestRetryExec.execute(HttpRequestRetryExec.java:113) - Recoverable I/O exception (org.apache.hc.core5.http.NoHttpResponseException) caught when processing request to {}->http://127.0.0.1:8080
[17:29:25:487] [ERROR] - com.abiao.data.collect.StockIndicatorCollect.collect(StockIndicatorCollect.java:35) - get stock indicator info fail, stock_code:688728, akEx:org.apache.hc.client5.http.HttpResponseException: status code: 500, reason phrase: Internal Server Error
[17:29:25:488] [INFO] - us.codecraft.webmagic.Spider.run(Spider.java:306) - Spider stock.xueqiu.com started!
[17:29:25:577] [INFO] - us.codecraft.webmagic.downloader.HttpClientDownloader.download(HttpClientDownloader.java:88) - downloading page success https://stock.xueqiu.com/v5/stock/chart/kline.json?symbol=SH688728&begin=1666430965488&period=day&type=before&count=-30&indicator=kline,pe,pb,ps,pcf,market_capital,agt,ggt,balance
[17:29:26:583] [INFO] - us.codecraft.webmagic.Spider.run(Spider.java:338) - Spider stock.xueqiu.com closed! 1 pages downloaded.
[17:29:26:591] [INFO] - com.abiao.data.action.update.StockIndicatorAutoUpdateAction.diff(StockIndicatorAutoUpdateAction.java:47) - diff count:10
[17:29:26:592] [INFO] - com.abiao.data.action.update.StockIndicatorAutoUpdateAction.main(StockIndicatorAutoUpdateAction.java:68) - listedCompany:ListedCompany(stockCode=688722, stockName=同益中, industry=化纤行业, inMarketDate=2021-10-19, outMarketDate=, updateTime=1663491465534)
[17:29:26:593] [INFO] - org.apache.hc.client5.http.impl.classic.HttpRequestRetryExec.execute(HttpRequestRetryExec.java:113) - Recoverable I/O exception (org.apache.hc.core5.http.NoHttpResponseException) caught when processing request to {}->http://127.0.0.1:8080
[17:29:26:851] [ERROR] - com.abiao.data.collect.StockIndicatorCollect.collect(StockIndicatorCollect.java:35) - get stock indicator info fail, stock_code:688722, akEx:org.apache.hc.client5.http.HttpResponseException: status code: 500, reason phrase: Internal Server Error
[17:29:26:853] [INFO] - us.codecraft.webmagic.Spider.run(Spider.java:306) - Spider stock.xueqiu.com started!
[17:29:27:100] [INFO] - us.codecraft.webmagic.downloader.HttpClientDownloader.download(HttpClientDownloader.java:88) - downloading page success https://stock.xueqiu.com/v5/stock/chart/kline.json?symbol=SH688722&begin=1666430966852&period=day&type=before&count=-30&indicator=kline,pe,pb,ps,pcf,market_capital,agt,ggt,balance
[17:29:28:102] [INFO] - us.codecraft.webmagic.Spider.run(Spider.java:338) - Spider stock.xueqiu.com closed! 1 pages downloaded.
[17:29:28:105] [INFO] - com.abiao.data.action.update.StockIndicatorAutoUpdateAction.diff(StockIndicatorAutoUpdateAction.java:47) - diff count:10
