[18:11:41:504] [INFO] - com.abiao.data.action.update.StockIndicatorAutoUpdateAction.main(StockIndicatorAutoUpdateAction.java:68) - listedCompany:ListedCompany(stockCode=000971, stockName=ST高升, industry=通信服务, inMarketDate=2000-04-27, outMarketDate=, updateTime=1663490225230)
[18:12:47:555] [INFO] - com.abiao.data.action.update.StockIndicatorAutoUpdateAction.main(StockIndicatorAutoUpdateAction.java:68) - listedCompany:ListedCompany(stockCode=000971, stockName=ST高升, industry=通信服务, inMarketDate=2000-04-27, outMarketDate=, updateTime=1663490225230)
[18:14:00:228] [INFO] - com.abiao.data.action.update.StockIndicatorAutoUpdateAction.main(StockIndicatorAutoUpdateAction.java:68) - listedCompany:ListedCompany(stockCode=000971, stockName=ST高升, industry=通信服务, inMarketDate=2000-04-27, outMarketDate=, updateTime=1663490225230)
[18:14:06:906] [INFO] - us.codecraft.webmagic.Spider.run(Spider.java:306) - Spider stock.xueqiu.com started!
[18:14:07:236] [INFO] - us.codecraft.webmagic.downloader.HttpClientDownloader.download(HttpClientDownloader.java:88) - downloading page success https://stock.xueqiu.com/v5/stock/chart/kline.json?symbol=SZ000971&begin=1665915246378&period=day&type=before&count=-10&indicator=kline,pe,pb,ps,pcf,market_capital,agt,ggt,balance
[18:14:07:238] [INFO] - us.codecraft.webmagic.Spider.onDownloadSuccess(Spider.java:422) - page status code error, page https://stock.xueqiu.com/v5/stock/chart/kline.json?symbol=SZ000971&begin=1665915246378&period=day&type=before&count=-10&indicator=kline,pe,pb,ps,pcf,market_capital,agt,ggt,balance , code: 400
[18:14:08:245] [INFO] - us.codecraft.webmagic.Spider.run(Spider.java:338) - Spider stock.xueqiu.com closed! 1 pages downloaded.
[18:14:20:951] [ERROR] - com.abiao.data.collect.StockIndicatorCollect.collect(StockIndicatorCollect.java:39) - get stock indicator info fail, stock_code:000971, akEx:org.apache.hc.client5.http.HttpResponseException: status code: 500, reason phrase: Internal Server Error, xqEx:java.lang.NullPointerException
[18:14:54:055] [INFO] - com.abiao.data.action.update.StockIndicatorAutoUpdateAction.main(StockIndicatorAutoUpdateAction.java:68) - listedCompany:ListedCompany(stockCode=000971, stockName=ST高升, industry=通信服务, inMarketDate=2000-04-27, outMarketDate=, updateTime=1663490225230)
[18:15:03:583] [INFO] - us.codecraft.webmagic.Spider.run(Spider.java:306) - Spider stock.xueqiu.com started!
[18:15:03:869] [INFO] - us.codecraft.webmagic.downloader.HttpClientDownloader.download(HttpClientDownloader.java:88) - downloading page success https://stock.xueqiu.com/v5/stock/chart/kline.json?symbol=SZ000971&begin=1665915303503&period=day&type=before&count=-10&indicator=kline,pe,pb,ps,pcf,market_capital,agt,ggt,balance
[18:15:03:870] [INFO] - us.codecraft.webmagic.Spider.onDownloadSuccess(Spider.java:422) - page status code error, page https://stock.xueqiu.com/v5/stock/chart/kline.json?symbol=SZ000971&begin=1665915303503&period=day&type=before&count=-10&indicator=kline,pe,pb,ps,pcf,market_capital,agt,ggt,balance , code: 400
[18:15:04:877] [INFO] - us.codecraft.webmagic.Spider.run(Spider.java:338) - Spider stock.xueqiu.com closed! 1 pages downloaded.
[18:15:04:878] [ERROR] - com.abiao.data.collect.StockIndicatorCollect.collect(StockIndicatorCollect.java:39) - get stock indicator info fail, stock_code:000971, akEx:org.apache.hc.client5.http.HttpResponseException: status code: 500, reason phrase: Internal Server Error, xqEx:java.lang.NullPointerException
[18:15:04:976] [INFO] - com.abiao.data.action.update.StockIndicatorAutoUpdateAction.diff(StockIndicatorAutoUpdateAction.java:47) - diff count:0
[18:15:12:078] [INFO] - com.abiao.data.action.update.StockIndicatorAutoUpdateAction.main(StockIndicatorAutoUpdateAction.java:68) - listedCompany:ListedCompany(stockCode=000970, stockName=中科三环, industry=小金属, inMarketDate=2000-04-20, outMarketDate=, updateTime=1663490224916)
[18:15:19:329] [INFO] - us.codecraft.webmagic.Spider.run(Spider.java:306) - Spider stock.xueqiu.com started!
[18:15:19:396] [INFO] - us.codecraft.webmagic.downloader.HttpClientDownloader.download(HttpClientDownloader.java:88) - downloading page success https://stock.xueqiu.com/v5/stock/chart/kline.json?symbol=SZ000970&begin=1665915319328&period=day&type=before&count=-10&indicator=kline,pe,pb,ps,pcf,market_capital,agt,ggt,balance
[18:15:19:397] [INFO] - us.codecraft.webmagic.Spider.onDownloadSuccess(Spider.java:422) - page status code error, page https://stock.xueqiu.com/v5/stock/chart/kline.json?symbol=SZ000970&begin=1665915319328&period=day&type=before&count=-10&indicator=kline,pe,pb,ps,pcf,market_capital,agt,ggt,balance , code: 400
[18:15:20:398] [INFO] - us.codecraft.webmagic.Spider.run(Spider.java:338) - Spider stock.xueqiu.com closed! 1 pages downloaded.
[18:15:20:399] [ERROR] - com.abiao.data.collect.StockIndicatorCollect.collect(StockIndicatorCollect.java:39) - get stock indicator info fail, stock_code:000970, akEx:org.apache.hc.client5.http.HttpResponseException: status code: 500, reason phrase: Internal Server Error, xqEx:java.lang.NullPointerException
[18:15:20:470] [INFO] - com.abiao.data.action.update.StockIndicatorAutoUpdateAction.diff(StockIndicatorAutoUpdateAction.java:47) - diff count:0
[18:15:30:995] [INFO] - com.abiao.data.action.update.StockIndicatorAutoUpdateAction.main(StockIndicatorAutoUpdateAction.java:68) - listedCompany:ListedCompany(stockCode=000975, stockName=银泰黄金, industry=贵金属, inMarketDate=2000-06-08, outMarketDate=, updateTime=1663490226226)
[18:16:08:024] [INFO] - us.codecraft.webmagic.Spider.run(Spider.java:306) - Spider stock.xueqiu.com started!
[18:16:19:581] [INFO] - com.abiao.data.action.update.StockIndicatorAutoUpdateAction.main(StockIndicatorAutoUpdateAction.java:68) - listedCompany:ListedCompany(stockCode=000971, stockName=ST高升, industry=通信服务, inMarketDate=2000-04-27, outMarketDate=, updateTime=1663490225230)
[18:16:45:358] [INFO] - us.codecraft.webmagic.Spider.run(Spider.java:306) - Spider stock.xueqiu.com started!
[18:16:45:636] [INFO] - us.codecraft.webmagic.downloader.HttpClientDownloader.download(HttpClientDownloader.java:88) - downloading page success https://stock.xueqiu.com/v5/stock/chart/kline.json?symbol=SZ000971&begin=1665915382646&period=day&type=before&count=-10&indicator=kline,pe,pb,ps,pcf,market_capital,agt,ggt,balance
[18:16:45:638] [INFO] - us.codecraft.webmagic.Spider.onDownloadSuccess(Spider.java:422) - page status code error, page https://stock.xueqiu.com/v5/stock/chart/kline.json?symbol=SZ000971&begin=1665915382646&period=day&type=before&count=-10&indicator=kline,pe,pb,ps,pcf,market_capital,agt,ggt,balance , code: 400
[18:16:46:648] [INFO] - us.codecraft.webmagic.Spider.run(Spider.java:338) - Spider stock.xueqiu.com closed! 1 pages downloaded.
[18:18:34:981] [ERROR] - com.abiao.data.collect.StockIndicatorCollect.collect(StockIndicatorCollect.java:39) - get stock indicator info fail, stock_code:000971, akEx:org.apache.hc.client5.http.HttpResponseException: status code: 500, reason phrase: Internal Server Error, xqEx:java.lang.NullPointerException
[18:18:35:090] [INFO] - com.abiao.data.action.update.StockIndicatorAutoUpdateAction.diff(StockIndicatorAutoUpdateAction.java:47) - diff count:0
[18:18:36:157] [INFO] - com.abiao.data.action.update.StockIndicatorAutoUpdateAction.main(StockIndicatorAutoUpdateAction.java:68) - listedCompany:ListedCompany(stockCode=000970, stockName=中科三环, industry=小金属, inMarketDate=2000-04-20, outMarketDate=, updateTime=1663490224916)
[18:18:37:207] [INFO] - us.codecraft.webmagic.Spider.run(Spider.java:306) - Spider stock.xueqiu.com started!
[18:18:37:364] [INFO] - us.codecraft.webmagic.downloader.HttpClientDownloader.download(HttpClientDownloader.java:88) - downloading page success https://stock.xueqiu.com/v5/stock/chart/kline.json?symbol=SZ000970&begin=1665915517206&period=day&type=before&count=-10&indicator=kline,pe,pb,ps,pcf,market_capital,agt,ggt,balance
[18:18:37:364] [INFO] - us.codecraft.webmagic.Spider.onDownloadSuccess(Spider.java:422) - page status code error, page https://stock.xueqiu.com/v5/stock/chart/kline.json?symbol=SZ000970&begin=1665915517206&period=day&type=before&count=-10&indicator=kline,pe,pb,ps,pcf,market_capital,agt,ggt,balance , code: 400
[18:18:38:365] [INFO] - us.codecraft.webmagic.Spider.run(Spider.java:338) - Spider stock.xueqiu.com closed! 1 pages downloaded.
[18:18:38:365] [ERROR] - com.abiao.data.collect.StockIndicatorCollect.collect(StockIndicatorCollect.java:39) - get stock indicator info fail, stock_code:000970, akEx:org.apache.hc.client5.http.HttpResponseException: status code: 500, reason phrase: Internal Server Error, xqEx:java.lang.NullPointerException
[18:18:38:437] [INFO] - com.abiao.data.action.update.StockIndicatorAutoUpdateAction.diff(StockIndicatorAutoUpdateAction.java:47) - diff count:0
[19:08:40:028] [INFO] - com.abiao.data.action.update.StockIndicatorAutoUpdateAction.main(StockIndicatorAutoUpdateAction.java:68) - listedCompany:ListedCompany(stockCode=000975, stockName=银泰黄金, industry=贵金属, inMarketDate=2000-06-08, outMarketDate=, updateTime=1663490226226)
[19:08:47:418] [INFO] - com.abiao.data.action.update.StockIndicatorAutoUpdateAction.main(StockIndicatorAutoUpdateAction.java:68) - listedCompany:ListedCompany(stockCode=000971, stockName=ST高升, industry=通信服务, inMarketDate=2000-04-27, outMarketDate=, updateTime=1663490225230)
[19:08:51:167] [INFO] - us.codecraft.webmagic.Spider.run(Spider.java:306) - Spider stock.xueqiu.com started!
[19:08:51:417] [INFO] - us.codecraft.webmagic.downloader.HttpClientDownloader.download(HttpClientDownloader.java:88) - downloading page success https://stock.xueqiu.com/v5/stock/chart/kline.json?symbol=SZ000971&begin=1665918531105&period=day&type=before&count=-10&indicator=kline,pe,pb,ps,pcf,market_capital,agt,ggt,balance
[19:08:51:418] [INFO] - us.codecraft.webmagic.Spider.onDownloadSuccess(Spider.java:422) - page status code error, page https://stock.xueqiu.com/v5/stock/chart/kline.json?symbol=SZ000971&begin=1665918531105&period=day&type=before&count=-10&indicator=kline,pe,pb,ps,pcf,market_capital,agt,ggt,balance , code: 400
[19:08:52:427] [INFO] - us.codecraft.webmagic.Spider.run(Spider.java:338) - Spider stock.xueqiu.com closed! 1 pages downloaded.
[19:08:52:428] [ERROR] - com.abiao.data.collect.StockIndicatorCollect.collect(StockIndicatorCollect.java:39) - get stock indicator info fail, stock_code:000971, akEx:org.apache.hc.client5.http.HttpResponseException: status code: 500, reason phrase: Internal Server Error, xqEx:java.lang.NullPointerException
[19:08:52:504] [INFO] - com.abiao.data.action.update.StockIndicatorAutoUpdateAction.diff(StockIndicatorAutoUpdateAction.java:47) - diff count:0
[19:08:58:822] [INFO] - com.abiao.data.action.update.StockIndicatorAutoUpdateAction.main(StockIndicatorAutoUpdateAction.java:68) - listedCompany:ListedCompany(stockCode=000970, stockName=中科三环, industry=小金属, inMarketDate=2000-04-20, outMarketDate=, updateTime=1663490224916)
[19:38:21:480] [INFO] - com.abiao.data.action.update.StockIndicatorAutoUpdateAction.main(StockIndicatorAutoUpdateAction.java:68) - listedCompany:ListedCompany(stockCode=000971, stockName=ST高升, industry=通信服务, inMarketDate=2000-04-27, outMarketDate=, updateTime=1663490225230)
[19:38:23:896] [INFO] - us.codecraft.webmagic.Spider.run(Spider.java:306) - Spider stock.xueqiu.com started!
[19:38:24:187] [INFO] - us.codecraft.webmagic.downloader.HttpClientDownloader.download(HttpClientDownloader.java:88) - downloading page success https://stock.xueqiu.com/v5/stock/chart/kline.json?symbol=SZ000971&begin=1665920303820&period=day&type=before&count=-10&indicator=kline,pe,pb,ps,pcf,market_capital,agt,ggt,balance
[19:38:24:188] [INFO] - us.codecraft.webmagic.Spider.onDownloadSuccess(Spider.java:422) - page status code error, page https://stock.xueqiu.com/v5/stock/chart/kline.json?symbol=SZ000971&begin=1665920303820&period=day&type=before&count=-10&indicator=kline,pe,pb,ps,pcf,market_capital,agt,ggt,balance , code: 400
[19:38:25:196] [INFO] - us.codecraft.webmagic.Spider.run(Spider.java:338) - Spider stock.xueqiu.com closed! 1 pages downloaded.
[19:38:25:196] [ERROR] - com.abiao.data.collect.StockIndicatorCollect.collect(StockIndicatorCollect.java:39) - get stock indicator info fail, stock_code:000971, akEx:org.apache.hc.client5.http.HttpResponseException: status code: 500, reason phrase: Internal Server Error, xqEx:java.lang.NullPointerException
[19:38:25:306] [INFO] - com.abiao.data.action.update.StockIndicatorAutoUpdateAction.diff(StockIndicatorAutoUpdateAction.java:47) - diff count:0
[19:44:32:781] [INFO] - com.abiao.data.action.update.StockIndicatorAutoUpdateAction.main(StockIndicatorAutoUpdateAction.java:68) - listedCompany:ListedCompany(stockCode=000970, stockName=中科三环, industry=小金属, inMarketDate=2000-04-20, outMarketDate=, updateTime=1663490224916)
[19:44:39:907] [INFO] - com.abiao.data.action.update.StockIndicatorAutoUpdateAction.main(StockIndicatorAutoUpdateAction.java:68) - listedCompany:ListedCompany(stockCode=000971, stockName=ST高升, industry=通信服务, inMarketDate=2000-04-27, outMarketDate=, updateTime=1663490225230)
[19:44:42:570] [INFO] - us.codecraft.webmagic.Spider.run(Spider.java:306) - Spider stock.xueqiu.com started!
[19:44:42:831] [INFO] - us.codecraft.webmagic.downloader.HttpClientDownloader.download(HttpClientDownloader.java:88) - downloading page success https://stock.xueqiu.com/v5/stock/chart/kline.json?symbol=SZ000971&begin=1665920682497&period=day&type=before&count=-10&indicator=kline,pe,pb,ps,pcf,market_capital,agt,ggt,balance
[19:44:42:832] [INFO] - us.codecraft.webmagic.Spider.onDownloadSuccess(Spider.java:422) - page status code error, page https://stock.xueqiu.com/v5/stock/chart/kline.json?symbol=SZ000971&begin=1665920682497&period=day&type=before&count=-10&indicator=kline,pe,pb,ps,pcf,market_capital,agt,ggt,balance , code: 400
[19:44:43:837] [INFO] - us.codecraft.webmagic.Spider.run(Spider.java:338) - Spider stock.xueqiu.com closed! 1 pages downloaded.
[19:44:43:838] [ERROR] - com.abiao.data.collect.StockIndicatorCollect.collect(StockIndicatorCollect.java:39) - get stock indicator info fail, stock_code:000971, akEx:org.apache.hc.client5.http.HttpResponseException: status code: 500, reason phrase: Internal Server Error, xqEx:java.lang.NullPointerException
[19:44:43:934] [INFO] - com.abiao.data.action.update.StockIndicatorAutoUpdateAction.diff(StockIndicatorAutoUpdateAction.java:47) - diff count:0
[19:46:13:836] [INFO] - com.abiao.data.action.update.StockIndicatorAutoUpdateAction.main(StockIndicatorAutoUpdateAction.java:68) - listedCompany:ListedCompany(stockCode=000970, stockName=中科三环, industry=小金属, inMarketDate=2000-04-20, outMarketDate=, updateTime=1663490224916)
[19:46:22:131] [INFO] - com.abiao.data.action.update.StockIndicatorAutoUpdateAction.main(StockIndicatorAutoUpdateAction.java:68) - listedCompany:ListedCompany(stockCode=000971, stockName=ST高升, industry=通信服务, inMarketDate=2000-04-27, outMarketDate=, updateTime=1663490225230)
[19:46:23:502] [INFO] - us.codecraft.webmagic.Spider.run(Spider.java:306) - Spider stock.xueqiu.com started!
[19:46:23:790] [INFO] - us.codecraft.webmagic.downloader.HttpClientDownloader.download(HttpClientDownloader.java:88) - downloading page success https://stock.xueqiu.com/v5/stock/chart/kline.json?symbol=SZ000971&begin=1665920783420&period=day&type=before&count=-10&indicator=kline,pe,pb,ps,pcf,market_capital,agt,ggt,balance
[19:46:33:351] [ERROR] - us.codecraft.webmagic.Spider$1.run(Spider.java:324) - process request Request{url='https://stock.xueqiu.com/v5/stock/chart/kline.json?symbol=SZ000971&begin=1665920783420&period=day&type=before&count=-10&indicator=kline,pe,pb,ps,pcf,market_capital,agt,ggt,balance', method='null', extras=null, priority=0, headers={}, cookies={}} error
java.lang.ClassCastException: java.math.BigDecimal cannot be cast to java.lang.Double
	at com.abiao.data.collect.spider.XueQiuKinePageProcess.lambda$process$0(XueQiuKinePageProcess.java:56) ~[classes/:?]
	at java.util.stream.ReferencePipeline$3$1.accept(ReferencePipeline.java:193) ~[?:1.8.0_221]
	at java.util.ArrayList$ArrayListSpliterator.forEachRemaining(ArrayList.java:1382) ~[?:1.8.0_221]
	at java.util.stream.AbstractPipeline.copyInto(AbstractPipeline.java:482) ~[?:1.8.0_221]
	at java.util.stream.AbstractPipeline.wrapAndCopyInto(AbstractPipeline.java:472) ~[?:1.8.0_221]
	at java.util.stream.ReduceOps$ReduceOp.evaluateSequential(ReduceOps.java:708) ~[?:1.8.0_221]
	at java.util.stream.AbstractPipeline.evaluate(AbstractPipeline.java:234) ~[?:1.8.0_221]
	at java.util.stream.ReferencePipeline.collect(ReferencePipeline.java:499) ~[?:1.8.0_221]
	at com.abiao.data.collect.spider.XueQiuKinePageProcess.process(XueQiuKinePageProcess.java:64) ~[classes/:?]
	at us.codecraft.webmagic.Spider.onDownloadSuccess(Spider.java:414) ~[webmagic-core-0.7.3.jar:?]
	at us.codecraft.webmagic.Spider.processRequest(Spider.java:406) ~[webmagic-core-0.7.3.jar:?]
	at us.codecraft.webmagic.Spider.access$000(Spider.java:61) ~[webmagic-core-0.7.3.jar:?]
	at us.codecraft.webmagic.Spider$1.run(Spider.java:320) [webmagic-core-0.7.3.jar:?]
	at us.codecraft.webmagic.thread.CountableThreadPool$1.run(CountableThreadPool.java:74) [webmagic-core-0.7.3.jar:?]
	at java.util.concurrent.ThreadPoolExecutor.runWorker(ThreadPoolExecutor.java:1149) [?:1.8.0_221]
	at java.util.concurrent.ThreadPoolExecutor$Worker.run(ThreadPoolExecutor.java:624) [?:1.8.0_221]
	at java.lang.Thread.run(Thread.java:748) [?:1.8.0_221]
[19:46:33:359] [INFO] - us.codecraft.webmagic.Spider.run(Spider.java:338) - Spider stock.xueqiu.com closed! 1 pages downloaded.
[19:46:33:359] [ERROR] - com.abiao.data.collect.StockIndicatorCollect.collect(StockIndicatorCollect.java:39) - get stock indicator info fail, stock_code:000971, akEx:org.apache.hc.client5.http.HttpResponseException: status code: 500, reason phrase: Internal Server Error, xqEx:java.lang.NullPointerException
[19:46:41:625] [INFO] - com.abiao.data.action.update.StockIndicatorAutoUpdateAction.main(StockIndicatorAutoUpdateAction.java:68) - listedCompany:ListedCompany(stockCode=000971, stockName=ST高升, industry=通信服务, inMarketDate=2000-04-27, outMarketDate=, updateTime=1663490225230)
[19:46:43:174] [INFO] - us.codecraft.webmagic.Spider.run(Spider.java:306) - Spider stock.xueqiu.com started!
[19:46:43:452] [INFO] - us.codecraft.webmagic.downloader.HttpClientDownloader.download(HttpClientDownloader.java:88) - downloading page success https://stock.xueqiu.com/v5/stock/chart/kline.json?symbol=SZ000971&begin=1665920803100&period=day&type=before&count=-10&indicator=kline,pe,pb,ps,pcf,market_capital,agt,ggt,balance
[19:46:43:453] [INFO] - us.codecraft.webmagic.Spider.onDownloadSuccess(Spider.java:422) - page status code error, page https://stock.xueqiu.com/v5/stock/chart/kline.json?symbol=SZ000971&begin=1665920803100&period=day&type=before&count=-10&indicator=kline,pe,pb,ps,pcf,market_capital,agt,ggt,balance , code: 400
[19:46:44:459] [INFO] - us.codecraft.webmagic.Spider.run(Spider.java:338) - Spider stock.xueqiu.com closed! 1 pages downloaded.
[19:46:44:460] [ERROR] - com.abiao.data.collect.StockIndicatorCollect.collect(StockIndicatorCollect.java:39) - get stock indicator info fail, stock_code:000971, akEx:org.apache.hc.client5.http.HttpResponseException: status code: 500, reason phrase: Internal Server Error, xqEx:java.lang.NullPointerException
[19:46:44:567] [INFO] - com.abiao.data.action.update.StockIndicatorAutoUpdateAction.diff(StockIndicatorAutoUpdateAction.java:47) - diff count:0
[19:46:54:183] [INFO] - com.abiao.data.action.update.StockIndicatorAutoUpdateAction.main(StockIndicatorAutoUpdateAction.java:68) - listedCompany:ListedCompany(stockCode=000970, stockName=中科三环, industry=小金属, inMarketDate=2000-04-20, outMarketDate=, updateTime=1663490224916)
[19:47:07:672] [INFO] - com.abiao.data.action.update.StockIndicatorAutoUpdateAction.main(StockIndicatorAutoUpdateAction.java:68) - listedCompany:ListedCompany(stockCode=000971, stockName=ST高升, industry=通信服务, inMarketDate=2000-04-27, outMarketDate=, updateTime=1663490225230)
[19:47:16:106] [INFO] - com.abiao.data.action.update.StockIndicatorAutoUpdateAction.main(StockIndicatorAutoUpdateAction.java:68) - listedCompany:ListedCompany(stockCode=000971, stockName=ST高升, industry=通信服务, inMarketDate=2000-04-27, outMarketDate=, updateTime=1663490225230)
[19:47:17:490] [INFO] - us.codecraft.webmagic.Spider.run(Spider.java:306) - Spider stock.xueqiu.com started!
[19:47:17:781] [INFO] - us.codecraft.webmagic.downloader.HttpClientDownloader.download(HttpClientDownloader.java:88) - downloading page success https://stock.xueqiu.com/v5/stock/chart/kline.json?symbol=SZ000971&begin=1665920837414&period=day&type=before&count=-10&indicator=kline,pe,pb,ps,pcf,market_capital,agt,ggt,balance
[19:48:03:492] [ERROR] - us.codecraft.webmagic.Spider$1.run(Spider.java:324) - process request Request{url='https://stock.xueqiu.com/v5/stock/chart/kline.json?symbol=SZ000971&begin=1665920837414&period=day&type=before&count=-10&indicator=kline,pe,pb,ps,pcf,market_capital,agt,ggt,balance', method='null', extras=null, priority=0, headers={}, cookies={}} error
java.lang.ClassCastException: java.math.BigDecimal cannot be cast to java.lang.Double
	at com.abiao.data.collect.spider.XueQiuKinePageProcess.lambda$process$0(XueQiuKinePageProcess.java:56) ~[classes/:?]
	at java.util.stream.ReferencePipeline$3$1.accept(ReferencePipeline.java:193) ~[?:1.8.0_221]
	at java.util.ArrayList$ArrayListSpliterator.forEachRemaining(ArrayList.java:1382) ~[?:1.8.0_221]
	at java.util.stream.AbstractPipeline.copyInto(AbstractPipeline.java:482) ~[?:1.8.0_221]
	at java.util.stream.AbstractPipeline.wrapAndCopyInto(AbstractPipeline.java:472) ~[?:1.8.0_221]
	at java.util.stream.ReduceOps$ReduceOp.evaluateSequential(ReduceOps.java:708) ~[?:1.8.0_221]
	at java.util.stream.AbstractPipeline.evaluate(AbstractPipeline.java:234) ~[?:1.8.0_221]
	at java.util.stream.ReferencePipeline.collect(ReferencePipeline.java:499) ~[?:1.8.0_221]
	at com.abiao.data.collect.spider.XueQiuKinePageProcess.process(XueQiuKinePageProcess.java:64) ~[classes/:?]
	at us.codecraft.webmagic.Spider.onDownloadSuccess(Spider.java:414) ~[webmagic-core-0.7.3.jar:?]
	at us.codecraft.webmagic.Spider.processRequest(Spider.java:406) ~[webmagic-core-0.7.3.jar:?]
	at us.codecraft.webmagic.Spider.access$000(Spider.java:61) ~[webmagic-core-0.7.3.jar:?]
	at us.codecraft.webmagic.Spider$1.run(Spider.java:320) [webmagic-core-0.7.3.jar:?]
	at us.codecraft.webmagic.thread.CountableThreadPool$1.run(CountableThreadPool.java:74) [webmagic-core-0.7.3.jar:?]
	at java.util.concurrent.ThreadPoolExecutor.runWorker(ThreadPoolExecutor.java:1149) [?:1.8.0_221]
	at java.util.concurrent.ThreadPoolExecutor$Worker.run(ThreadPoolExecutor.java:624) [?:1.8.0_221]
	at java.lang.Thread.run(Thread.java:748) [?:1.8.0_221]
[19:48:03:502] [INFO] - us.codecraft.webmagic.Spider.run(Spider.java:338) - Spider stock.xueqiu.com closed! 1 pages downloaded.
[19:48:03:502] [ERROR] - com.abiao.data.collect.StockIndicatorCollect.collect(StockIndicatorCollect.java:39) - get stock indicator info fail, stock_code:000971, akEx:org.apache.hc.client5.http.HttpResponseException: status code: 500, reason phrase: Internal Server Error, xqEx:java.lang.NullPointerException
[19:48:03:604] [INFO] - com.abiao.data.action.update.StockIndicatorAutoUpdateAction.diff(StockIndicatorAutoUpdateAction.java:47) - diff count:0
[19:48:10:458] [INFO] - com.abiao.data.action.update.StockIndicatorAutoUpdateAction.main(StockIndicatorAutoUpdateAction.java:68) - listedCompany:ListedCompany(stockCode=000970, stockName=中科三环, industry=小金属, inMarketDate=2000-04-20, outMarketDate=, updateTime=1663490224916)
[19:49:06:363] [INFO] - com.abiao.data.action.update.StockIndicatorAutoUpdateAction.main(StockIndicatorAutoUpdateAction.java:68) - listedCompany:ListedCompany(stockCode=000971, stockName=ST高升, industry=通信服务, inMarketDate=2000-04-27, outMarketDate=, updateTime=1663490225230)
[19:49:07:793] [INFO] - us.codecraft.webmagic.Spider.run(Spider.java:306) - Spider stock.xueqiu.com started!
[19:49:08:103] [INFO] - us.codecraft.webmagic.downloader.HttpClientDownloader.download(HttpClientDownloader.java:88) - downloading page success https://stock.xueqiu.com/v5/stock/chart/kline.json?symbol=SZ000971&begin=1665920947716&period=day&type=before&count=-10&indicator=kline,pe,pb,ps,pcf,market_capital,agt,ggt,balance
[19:50:37:046] [INFO] - us.codecraft.webmagic.Spider.run(Spider.java:338) - Spider stock.xueqiu.com closed! 1 pages downloaded.
[19:50:37:163] [INFO] - com.abiao.data.action.update.StockIndicatorAutoUpdateAction.diff(StockIndicatorAutoUpdateAction.java:47) - diff count:5
[19:50:41:495] [INFO] - com.abiao.data.action.update.StockIndicatorAutoUpdateAction.main(StockIndicatorAutoUpdateAction.java:68) - listedCompany:ListedCompany(stockCode=000970, stockName=中科三环, industry=小金属, inMarketDate=2000-04-20, outMarketDate=, updateTime=1663490224916)
[19:50:44:011] [INFO] - us.codecraft.webmagic.Spider.run(Spider.java:306) - Spider stock.xueqiu.com started!
[19:50:44:108] [INFO] - us.codecraft.webmagic.downloader.HttpClientDownloader.download(HttpClientDownloader.java:88) - downloading page success https://stock.xueqiu.com/v5/stock/chart/kline.json?symbol=SZ000970&begin=1665921044010&period=day&type=before&count=-10&indicator=kline,pe,pb,ps,pcf,market_capital,agt,ggt,balance
[19:57:51:544] [INFO] - com.abiao.data.action.update.StockIndicatorAutoUpdateAction.main(StockIndicatorAutoUpdateAction.java:68) - listedCompany:ListedCompany(stockCode=000971, stockName=ST高升, industry=通信服务, inMarketDate=2000-04-27, outMarketDate=, updateTime=1663490225230)
[19:57:52:032] [ERROR] - com.abiao.data.collect.StockIndicatorCollect.collect(StockIndicatorCollect.java:35) - get stock indicator info fail, stock_code:000971, akEx:org.apache.hc.client5.http.HttpResponseException: status code: 500, reason phrase: Internal Server Error
[19:57:52:079] [INFO] - us.codecraft.webmagic.Spider.run(Spider.java:306) - Spider stock.xueqiu.com started!
[19:57:52:283] [INFO] - us.codecraft.webmagic.downloader.HttpClientDownloader.download(HttpClientDownloader.java:88) - downloading page success https://stock.xueqiu.com/v5/stock/chart/kline.json?symbol=SZ000971&begin=1665921472037&period=day&type=before&count=-10&indicator=kline,pe,pb,ps,pcf,market_capital,agt,ggt,balance
[19:57:53:339] [INFO] - us.codecraft.webmagic.Spider.run(Spider.java:338) - Spider stock.xueqiu.com closed! 1 pages downloaded.
[19:57:53:415] [INFO] - com.abiao.data.action.update.StockIndicatorAutoUpdateAction.diff(StockIndicatorAutoUpdateAction.java:47) - diff count:5
[19:57:53:440] [INFO] - com.abiao.data.action.update.StockIndicatorAutoUpdateAction.main(StockIndicatorAutoUpdateAction.java:68) - listedCompany:ListedCompany(stockCode=000970, stockName=中科三环, industry=小金属, inMarketDate=2000-04-20, outMarketDate=, updateTime=1663490224916)
[19:57:53:442] [INFO] - org.apache.hc.client5.http.impl.classic.HttpRequestRetryExec.execute(HttpRequestRetryExec.java:113) - Recoverable I/O exception (org.apache.hc.core5.http.NoHttpResponseException) caught when processing request to {}->http://127.0.0.1:8080
[19:57:53:573] [ERROR] - com.abiao.data.collect.StockIndicatorCollect.collect(StockIndicatorCollect.java:35) - get stock indicator info fail, stock_code:000970, akEx:org.apache.hc.client5.http.HttpResponseException: status code: 500, reason phrase: Internal Server Error
[19:57:53:574] [INFO] - us.codecraft.webmagic.Spider.run(Spider.java:306) - Spider stock.xueqiu.com started!
[19:57:53:666] [INFO] - us.codecraft.webmagic.downloader.HttpClientDownloader.download(HttpClientDownloader.java:88) - downloading page success https://stock.xueqiu.com/v5/stock/chart/kline.json?symbol=SZ000970&begin=1665921473574&period=day&type=before&count=-10&indicator=kline,pe,pb,ps,pcf,market_capital,agt,ggt,balance
[19:57:54:671] [INFO] - us.codecraft.webmagic.Spider.run(Spider.java:338) - Spider stock.xueqiu.com closed! 1 pages downloaded.
[19:57:54:724] [INFO] - com.abiao.data.action.update.StockIndicatorAutoUpdateAction.diff(StockIndicatorAutoUpdateAction.java:47) - diff count:5
[19:57:54:725] [INFO] - com.abiao.data.action.update.StockIndicatorAutoUpdateAction.main(StockIndicatorAutoUpdateAction.java:68) - listedCompany:ListedCompany(stockCode=000975, stockName=银泰黄金, industry=贵金属, inMarketDate=2000-06-08, outMarketDate=, updateTime=1663490226226)
[19:57:54:726] [INFO] - org.apache.hc.client5.http.impl.classic.HttpRequestRetryExec.execute(HttpRequestRetryExec.java:113) - Recoverable I/O exception (org.apache.hc.core5.http.NoHttpResponseException) caught when processing request to {}->http://127.0.0.1:8080
[19:57:54:840] [ERROR] - com.abiao.data.collect.StockIndicatorCollect.collect(StockIndicatorCollect.java:35) - get stock indicator info fail, stock_code:000975, akEx:org.apache.hc.client5.http.HttpResponseException: status code: 500, reason phrase: Internal Server Error
[19:57:54:841] [INFO] - us.codecraft.webmagic.Spider.run(Spider.java:306) - Spider stock.xueqiu.com started!
[19:57:55:141] [INFO] - us.codecraft.webmagic.downloader.HttpClientDownloader.download(HttpClientDownloader.java:88) - downloading page success https://stock.xueqiu.com/v5/stock/chart/kline.json?symbol=SZ000975&begin=1665921474841&period=day&type=before&count=-10&indicator=kline,pe,pb,ps,pcf,market_capital,agt,ggt,balance
[19:57:56:147] [INFO] - us.codecraft.webmagic.Spider.run(Spider.java:338) - Spider stock.xueqiu.com closed! 1 pages downloaded.
[19:57:56:193] [INFO] - com.abiao.data.action.update.StockIndicatorAutoUpdateAction.diff(StockIndicatorAutoUpdateAction.java:47) - diff count:5
[19:57:56:194] [INFO] - com.abiao.data.action.update.StockIndicatorAutoUpdateAction.main(StockIndicatorAutoUpdateAction.java:68) - listedCompany:ListedCompany(stockCode=000973, stockName=佛塑科技, industry=塑料制品, inMarketDate=2000-05-25, outMarketDate=, updateTime=1663490225889)
[19:57:56:195] [INFO] - org.apache.hc.client5.http.impl.classic.HttpRequestRetryExec.execute(HttpRequestRetryExec.java:113) - Recoverable I/O exception (org.apache.hc.core5.http.NoHttpResponseException) caught when processing request to {}->http://127.0.0.1:8080
[19:57:56:316] [ERROR] - com.abiao.data.collect.StockIndicatorCollect.collect(StockIndicatorCollect.java:35) - get stock indicator info fail, stock_code:000973, akEx:org.apache.hc.client5.http.HttpResponseException: status code: 500, reason phrase: Internal Server Error
[19:57:56:317] [INFO] - us.codecraft.webmagic.Spider.run(Spider.java:306) - Spider stock.xueqiu.com started!
[19:57:56:628] [INFO] - us.codecraft.webmagic.downloader.HttpClientDownloader.download(HttpClientDownloader.java:88) - downloading page success https://stock.xueqiu.com/v5/stock/chart/kline.json?symbol=SZ000973&begin=1665921476316&period=day&type=before&count=-10&indicator=kline,pe,pb,ps,pcf,market_capital,agt,ggt,balance
[19:57:57:634] [INFO] - us.codecraft.webmagic.Spider.run(Spider.java:338) - Spider stock.xueqiu.com closed! 1 pages downloaded.
[19:57:57:677] [INFO] - com.abiao.data.action.update.StockIndicatorAutoUpdateAction.diff(StockIndicatorAutoUpdateAction.java:47) - diff count:5
[19:57:57:677] [INFO] - com.abiao.data.action.update.StockIndicatorAutoUpdateAction.main(StockIndicatorAutoUpdateAction.java:68) - listedCompany:ListedCompany(stockCode=000972, stockName=ST中基, industry=食品饮料, inMarketDate=2000-09-26, outMarketDate=, updateTime=1663490225548)
[19:57:57:678] [INFO] - org.apache.hc.client5.http.impl.classic.HttpRequestRetryExec.execute(HttpRequestRetryExec.java:113) - Recoverable I/O exception (org.apache.hc.core5.http.NoHttpResponseException) caught when processing request to {}->http://127.0.0.1:8080
[19:57:57:798] [ERROR] - com.abiao.data.collect.StockIndicatorCollect.collect(StockIndicatorCollect.java:35) - get stock indicator info fail, stock_code:000972, akEx:org.apache.hc.client5.http.HttpResponseException: status code: 500, reason phrase: Internal Server Error
[19:57:57:799] [INFO] - us.codecraft.webmagic.Spider.run(Spider.java:306) - Spider stock.xueqiu.com started!
[19:57:57:882] [INFO] - us.codecraft.webmagic.downloader.HttpClientDownloader.download(HttpClientDownloader.java:88) - downloading page success https://stock.xueqiu.com/v5/stock/chart/kline.json?symbol=SZ000972&begin=1665921477798&period=day&type=before&count=-10&indicator=kline,pe,pb,ps,pcf,market_capital,agt,ggt,balance
[19:57:58:885] [INFO] - us.codecraft.webmagic.Spider.run(Spider.java:338) - Spider stock.xueqiu.com closed! 1 pages downloaded.
[19:57:58:918] [INFO] - com.abiao.data.action.update.StockIndicatorAutoUpdateAction.diff(StockIndicatorAutoUpdateAction.java:47) - diff count:5
[19:57:58:920] [INFO] - com.abiao.data.action.update.StockIndicatorAutoUpdateAction.main(StockIndicatorAutoUpdateAction.java:68) - listedCompany:ListedCompany(stockCode=000978, stockName=桂林旅游, industry=旅游酒店, inMarketDate=2000-05-18, outMarketDate=, updateTime=1663490227203)
[19:57:58:921] [INFO] - org.apache.hc.client5.http.impl.classic.HttpRequestRetryExec.execute(HttpRequestRetryExec.java:113) - Recoverable I/O exception (org.apache.hc.core5.http.NoHttpResponseException) caught when processing request to {}->http://127.0.0.1:8080
[19:57:59:054] [ERROR] - com.abiao.data.collect.StockIndicatorCollect.collect(StockIndicatorCollect.java:35) - get stock indicator info fail, stock_code:000978, akEx:org.apache.hc.client5.http.HttpResponseException: status code: 500, reason phrase: Internal Server Error
[19:57:59:054] [INFO] - us.codecraft.webmagic.Spider.run(Spider.java:306) - Spider stock.xueqiu.com started!
[19:57:59:115] [INFO] - us.codecraft.webmagic.downloader.HttpClientDownloader.download(HttpClientDownloader.java:88) - downloading page success https://stock.xueqiu.com/v5/stock/chart/kline.json?symbol=SZ000978&begin=1665921479054&period=day&type=before&count=-10&indicator=kline,pe,pb,ps,pcf,market_capital,agt,ggt,balance
[19:58:00:121] [INFO] - us.codecraft.webmagic.Spider.run(Spider.java:338) - Spider stock.xueqiu.com closed! 1 pages downloaded.
[19:58:00:168] [INFO] - com.abiao.data.action.update.StockIndicatorAutoUpdateAction.diff(StockIndicatorAutoUpdateAction.java:47) - diff count:5
[19:58:00:169] [INFO] - com.abiao.data.action.update.StockIndicatorAutoUpdateAction.main(StockIndicatorAutoUpdateAction.java:68) - listedCompany:ListedCompany(stockCode=000977, stockName=浪潮信息, industry=计算机设备, inMarketDate=2000-06-08, outMarketDate=, updateTime=1663490226889)
[19:58:00:170] [INFO] - org.apache.hc.client5.http.impl.classic.HttpRequestRetryExec.execute(HttpRequestRetryExec.java:113) - Recoverable I/O exception (org.apache.hc.core5.http.NoHttpResponseException) caught when processing request to {}->http://127.0.0.1:8080
[19:58:00:286] [ERROR] - com.abiao.data.collect.StockIndicatorCollect.collect(StockIndicatorCollect.java:35) - get stock indicator info fail, stock_code:000977, akEx:org.apache.hc.client5.http.HttpResponseException: status code: 500, reason phrase: Internal Server Error
[19:58:00:287] [INFO] - us.codecraft.webmagic.Spider.run(Spider.java:306) - Spider stock.xueqiu.com started!
[19:58:00:360] [INFO] - us.codecraft.webmagic.downloader.HttpClientDownloader.download(HttpClientDownloader.java:88) - downloading page success https://stock.xueqiu.com/v5/stock/chart/kline.json?symbol=SZ000977&begin=1665921480287&period=day&type=before&count=-10&indicator=kline,pe,pb,ps,pcf,market_capital,agt,ggt,balance
[19:58:01:367] [INFO] - us.codecraft.webmagic.Spider.run(Spider.java:338) - Spider stock.xueqiu.com closed! 1 pages downloaded.
[19:58:01:420] [INFO] - com.abiao.data.action.update.StockIndicatorAutoUpdateAction.diff(StockIndicatorAutoUpdateAction.java:47) - diff count:5
[19:58:01:421] [INFO] - com.abiao.data.action.update.StockIndicatorAutoUpdateAction.main(StockIndicatorAutoUpdateAction.java:68) - listedCompany:ListedCompany(stockCode=000976, stockName=华铁股份, industry=交运设备, inMarketDate=2000-06-01, outMarketDate=, updateTime=1663490226567)
[19:58:01:422] [INFO] - org.apache.hc.client5.http.impl.classic.HttpRequestRetryExec.execute(HttpRequestRetryExec.java:113) - Recoverable I/O exception (org.apache.hc.core5.http.NoHttpResponseException) caught when processing request to {}->http://127.0.0.1:8080
[19:58:01:576] [ERROR] - com.abiao.data.collect.StockIndicatorCollect.collect(StockIndicatorCollect.java:35) - get stock indicator info fail, stock_code:000976, akEx:org.apache.hc.client5.http.HttpResponseException: status code: 500, reason phrase: Internal Server Error
[19:58:01:577] [INFO] - us.codecraft.webmagic.Spider.run(Spider.java:306) - Spider stock.xueqiu.com started!
[19:58:01:671] [INFO] - us.codecraft.webmagic.downloader.HttpClientDownloader.download(HttpClientDownloader.java:88) - downloading page success https://stock.xueqiu.com/v5/stock/chart/kline.json?symbol=SZ000976&begin=1665921481576&period=day&type=before&count=-10&indicator=kline,pe,pb,ps,pcf,market_capital,agt,ggt,balance
[19:58:02:676] [INFO] - us.codecraft.webmagic.Spider.run(Spider.java:338) - Spider stock.xueqiu.com closed! 1 pages downloaded.
[19:58:02:715] [INFO] - com.abiao.data.action.update.StockIndicatorAutoUpdateAction.diff(StockIndicatorAutoUpdateAction.java:47) - diff count:5
[19:58:02:715] [INFO] - com.abiao.data.action.update.StockIndicatorAutoUpdateAction.main(StockIndicatorAutoUpdateAction.java:68) - listedCompany:ListedCompany(stockCode=688728, stockName=格科微, industry=半导体, inMarketDate=2021-08-18, outMarketDate=, updateTime=1663491465679)
[19:58:02:716] [INFO] - org.apache.hc.client5.http.impl.classic.HttpRequestRetryExec.execute(HttpRequestRetryExec.java:113) - Recoverable I/O exception (org.apache.hc.core5.http.NoHttpResponseException) caught when processing request to {}->http://127.0.0.1:8080
[19:58:02:853] [ERROR] - com.abiao.data.collect.StockIndicatorCollect.collect(StockIndicatorCollect.java:35) - get stock indicator info fail, stock_code:688728, akEx:org.apache.hc.client5.http.HttpResponseException: status code: 500, reason phrase: Internal Server Error
[19:58:02:855] [INFO] - us.codecraft.webmagic.Spider.run(Spider.java:306) - Spider stock.xueqiu.com started!
[19:58:02:973] [INFO] - us.codecraft.webmagic.downloader.HttpClientDownloader.download(HttpClientDownloader.java:88) - downloading page success https://stock.xueqiu.com/v5/stock/chart/kline.json?symbol=SH688728&begin=1665921482854&period=day&type=before&count=-10&indicator=kline,pe,pb,ps,pcf,market_capital,agt,ggt,balance
[19:58:03:979] [INFO] - us.codecraft.webmagic.Spider.run(Spider.java:338) - Spider stock.xueqiu.com closed! 1 pages downloaded.
[19:58:03:989] [INFO] - com.abiao.data.action.update.StockIndicatorAutoUpdateAction.diff(StockIndicatorAutoUpdateAction.java:47) - diff count:5
[19:58:03:990] [INFO] - com.abiao.data.action.update.StockIndicatorAutoUpdateAction.main(StockIndicatorAutoUpdateAction.java:68) - listedCompany:ListedCompany(stockCode=688722, stockName=同益中, industry=化纤行业, inMarketDate=2021-10-19, outMarketDate=, updateTime=1663491465534)
[19:58:03:991] [INFO] - org.apache.hc.client5.http.impl.classic.HttpRequestRetryExec.execute(HttpRequestRetryExec.java:113) - Recoverable I/O exception (org.apache.hc.core5.http.NoHttpResponseException) caught when processing request to {}->http://127.0.0.1:8080
[19:58:04:111] [ERROR] - com.abiao.data.collect.StockIndicatorCollect.collect(StockIndicatorCollect.java:35) - get stock indicator info fail, stock_code:688722, akEx:org.apache.hc.client5.http.HttpResponseException: status code: 500, reason phrase: Internal Server Error
[19:58:04:112] [INFO] - us.codecraft.webmagic.Spider.run(Spider.java:306) - Spider stock.xueqiu.com started!
[19:58:04:186] [INFO] - us.codecraft.webmagic.downloader.HttpClientDownloader.download(HttpClientDownloader.java:88) - downloading page success https://stock.xueqiu.com/v5/stock/chart/kline.json?symbol=SH688722&begin=1665921484112&period=day&type=before&count=-10&indicator=kline,pe,pb,ps,pcf,market_capital,agt,ggt,balance
[19:58:05:192] [INFO] - us.codecraft.webmagic.Spider.run(Spider.java:338) - Spider stock.xueqiu.com closed! 1 pages downloaded.
[19:58:05:199] [INFO] - com.abiao.data.action.update.StockIndicatorAutoUpdateAction.diff(StockIndicatorAutoUpdateAction.java:47) - diff count:5
[19:58:05:200] [INFO] - com.abiao.data.action.update.StockIndicatorAutoUpdateAction.main(StockIndicatorAutoUpdateAction.java:68) - listedCompany:ListedCompany(stockCode=605555, stockName=德昌股份, industry=家电行业, inMarketDate=2021-10-21, outMarketDate=, updateTime=1663491343380)
[19:58:05:201] [INFO] - org.apache.hc.client5.http.impl.classic.HttpRequestRetryExec.execute(HttpRequestRetryExec.java:113) - Recoverable I/O exception (org.apache.hc.core5.http.NoHttpResponseException) caught when processing request to {}->http://127.0.0.1:8080
[19:58:05:306] [ERROR] - com.abiao.data.collect.StockIndicatorCollect.collect(StockIndicatorCollect.java:35) - get stock indicator info fail, stock_code:605555, akEx:org.apache.hc.client5.http.HttpResponseException: status code: 500, reason phrase: Internal Server Error
[19:58:05:307] [INFO] - us.codecraft.webmagic.Spider.run(Spider.java:306) - Spider stock.xueqiu.com started!
[19:58:05:377] [INFO] - us.codecraft.webmagic.downloader.HttpClientDownloader.download(HttpClientDownloader.java:88) - downloading page success https://stock.xueqiu.com/v5/stock/chart/kline.json?symbol=SH605555&begin=1665921485307&period=day&type=before&count=-10&indicator=kline,pe,pb,ps,pcf,market_capital,agt,ggt,balance
[19:58:06:381] [INFO] - us.codecraft.webmagic.Spider.run(Spider.java:338) - Spider stock.xueqiu.com closed! 1 pages downloaded.
[19:58:06:387] [INFO] - com.abiao.data.action.update.StockIndicatorAutoUpdateAction.diff(StockIndicatorAutoUpdateAction.java:47) - diff count:5
[19:58:06:388] [INFO] - com.abiao.data.action.update.StockIndicatorAutoUpdateAction.main(StockIndicatorAutoUpdateAction.java:68) - listedCompany:ListedCompany(stockCode=601198, stockName=东兴证券, industry=证券, inMarketDate=2015-02-26, outMarketDate=, updateTime=1663491124297)
[19:58:06:389] [INFO] - org.apache.hc.client5.http.impl.classic.HttpRequestRetryExec.execute(HttpRequestRetryExec.java:113) - Recoverable I/O exception (org.apache.hc.core5.http.NoHttpResponseException) caught when processing request to {}->http://127.0.0.1:8080
[19:58:06:503] [ERROR] - com.abiao.data.collect.StockIndicatorCollect.collect(StockIndicatorCollect.java:35) - get stock indicator info fail, stock_code:601198, akEx:org.apache.hc.client5.http.HttpResponseException: status code: 500, reason phrase: Internal Server Error
[19:58:06:504] [INFO] - us.codecraft.webmagic.Spider.run(Spider.java:306) - Spider stock.xueqiu.com started!
[19:58:06:569] [INFO] - us.codecraft.webmagic.downloader.HttpClientDownloader.download(HttpClientDownloader.java:88) - downloading page success https://stock.xueqiu.com/v5/stock/chart/kline.json?symbol=SH601198&begin=1665921486503&period=day&type=before&count=-10&indicator=kline,pe,pb,ps,pcf,market_capital,agt,ggt,balance
[19:58:07:575] [INFO] - us.codecraft.webmagic.Spider.run(Spider.java:338) - Spider stock.xueqiu.com closed! 1 pages downloaded.
[19:58:07:593] [INFO] - com.abiao.data.action.update.StockIndicatorAutoUpdateAction.diff(StockIndicatorAutoUpdateAction.java:47) - diff count:5
[19:58:07:595] [INFO] - com.abiao.data.action.update.StockIndicatorAutoUpdateAction.main(StockIndicatorAutoUpdateAction.java:68) - listedCompany:ListedCompany(stockCode=601199, stockName=江南水务, industry=公用事业, inMarketDate=2011-03-17, outMarketDate=, updateTime=1663491124600)
[19:58:07:595] [INFO] - org.apache.hc.client5.http.impl.classic.HttpRequestRetryExec.execute(HttpRequestRetryExec.java:113) - Recoverable I/O exception (org.apache.hc.core5.http.NoHttpResponseException) caught when processing request to {}->http://127.0.0.1:8080
